[debug] [2021-08-20T15:19:51.081Z] ----------------------------------------------------------------------
[debug] [2021-08-20T15:19:51.083Z] Command:       C:\Program Files\nodejs\node.exe C:\Users\Administrator\AppData\Roaming\npm\node_modules\firebase-tools\lib\bin\firebase.js login
[debug] [2021-08-20T15:19:51.084Z] CLI Version:   9.16.5
[debug] [2021-08-20T15:19:51.084Z] Platform:      win32
[debug] [2021-08-20T15:19:51.084Z] Node Version:  v14.17.5
[debug] [2021-08-20T15:19:51.085Z] Time:          Fri Aug 20 2021 23:19:51 GMT+0800 (中国标准时间)
[debug] [2021-08-20T15:19:51.086Z] ----------------------------------------------------------------------
[debug] 
[debug] [2021-08-20T15:19:51.088Z] >>> [apiv2][query] GET https://firebase-public.firebaseio.com/cli.json [none]
[info] i  Firebase optionally collects CLI usage and error reporting information to help improve our products. Data is collected in accordance with Google's privacy policy (https://policies.google.com/privacy) and is not used to identify you.
 
[info] i  To change your data collection preference at any time, run `firebase logout` and log in again. 
[info] 
[info] Visit this URL on this device to log in:
[info] https://accounts.google.com/o/oauth2/auth?client_id=563584335869-fgrhgmd47bqnekij5i8b5pr03ho849e6.apps.googleusercontent.com&scope=email%20openid%20https%3A%2F%2Fwww.googleapis.com%2Fauth%2Fcloudplatformprojects.readonly%20https%3A%2F%2Fwww.googleapis.com%2Fauth%2Ffirebase%20https%3A%2F%2Fwww.googleapis.com%2Fauth%2Fcloud-platform&response_type=code&state=647439612&redirect_uri=http%3A%2F%2Flocalhost%3A9005
[info] 
[info] Waiting for authentication...
[debug] [2021-08-20T15:20:03.750Z] Error: spawn cmd ENOENT
    at Process.ChildProcess._handle.onexit (internal/child_process.js:269:19)
    at onErrorNT (internal/child_process.js:467:16)
    at processTicksAndRejections (internal/process/task_queues.js:82:21)
[error] 
[error] Error: An unexpected error has occurred.
[debug] [2021-08-20T15:21:00.432Z] ----------------------------------------------------------------------
[debug] [2021-08-20T15:21:00.434Z] Command:       C:\Program Files\nodejs\node.exe C:\Users\Administrator\AppData\Roaming\npm\node_modules\firebase-tools\lib\bin\firebase.js login
[debug] [2021-08-20T15:21:00.435Z] CLI Version:   9.16.5
[debug] [2021-08-20T15:21:00.435Z] Platform:      win32
[debug] [2021-08-20T15:21:00.435Z] Node Version:  v14.17.5
[debug] [2021-08-20T15:21:00.436Z] Time:          Fri Aug 20 2021 23:21:00 GMT+0800 (中国标准时间)
[debug] [2021-08-20T15:21:00.436Z] ----------------------------------------------------------------------
[debug] 
[debug] [2021-08-20T15:21:00.439Z] >>> [apiv2][query] GET https://firebase-public.firebaseio.com/cli.json [none]
[info] i  Firebase optionally collects CLI usage and error reporting information to help improve our products. Data is collected in accordance with Google's privacy policy (https://policies.google.com/privacy) and is not used to identify you.
 
[info] i  To change your data collection preference at any time, run `firebase logout` and log in again. 
[info] 
[info] Visit this URL on this device to log in:
[info] https://accounts.google.com/o/oauth2/auth?client_id=563584335869-fgrhgmd47bqnekij5i8b5pr03ho849e6.apps.googleusercontent.com&scope=email%20openid%20https%3A%2F%2Fwww.googleapis.com%2Fauth%2Fcloudplatformprojects.readonly%20https%3A%2F%2Fwww.googleapis.com%2Fauth%2Ffirebase%20https%3A%2F%2Fwww.googleapis.com%2Fauth%2Fcloud-platform&response_type=code&state=71875593&redirect_uri=http%3A%2F%2Flocalhost%3A9005
[info] 
[info] Waiting for authentication...
[debug] [2021-08-20T15:21:04.494Z] Error: spawn cmd ENOENT
    at Process.ChildProcess._handle.onexit (internal/child_process.js:269:19)
    at onErrorNT (internal/child_process.js:467:16)
    at processTicksAndRejections (internal/process/task_queues.js:82:21)
[error] 
[error] Error: An unexpected error has occurred.
[debug] [2021-08-20T15:21:55.404Z] ----------------------------------------------------------------------
[debug] [2021-08-20T15:21:55.406Z] Command:       C:\Program Files\nodejs\node.exe C:\Users\Administrator\AppData\Roaming\npm\node_modules\firebase-tools\lib\bin\firebase.js login --debug
[debug] [2021-08-20T15:21:55.407Z] CLI Version:   9.16.5
[debug] [2021-08-20T15:21:55.407Z] Platform:      win32
[debug] [2021-08-20T15:21:55.407Z] Node Version:  v14.17.5
[debug] [2021-08-20T15:21:55.408Z] Time:          Fri Aug 20 2021 23:21:55 GMT+0800 (中国标准时间)
[debug] [2021-08-20T15:21:55.408Z] ----------------------------------------------------------------------
[debug] 
[debug] [2021-08-20T15:21:55.411Z] >>> [apiv2][query] GET https://firebase-public.firebaseio.com/cli.json [none]
[info] i  Firebase optionally collects CLI usage and error reporting information to help improve our products. Data is collected in accordance with Google's privacy policy (https://policies.google.com/privacy) and is not used to identify you.
 
[info] i  To change your data collection preference at any time, run `firebase logout` and log in again. 
[info] 
[info] Visit this URL on this device to log in:
[info] https://accounts.google.com/o/oauth2/auth?client_id=563584335869-fgrhgmd47bqnekij5i8b5pr03ho849e6.apps.googleusercontent.com&scope=email%20openid%20https%3A%2F%2Fwww.googleapis.com%2Fauth%2Fcloudplatformprojects.readonly%20https%3A%2F%2Fwww.googleapis.com%2Fauth%2Ffirebase%20https%3A%2F%2Fwww.googleapis.com%2Fauth%2Fcloud-platform&response_type=code&state=852725170&redirect_uri=http%3A%2F%2Flocalhost%3A9005
[info] 
[info] Waiting for authentication...
[debug] [2021-08-20T15:21:57.547Z] Error: spawn cmd ENOENT
    at Process.ChildProcess._handle.onexit (internal/child_process.js:269:19)
    at onErrorNT (internal/child_process.js:467:16)
    at processTicksAndRejections (internal/process/task_queues.js:82:21)
[error] 
[error] Error: An unexpected error has occurred.
